2022/05/07-15:42:53:}1Q[8w@>hH.`!WC-t~F
2022/05/07-15:42:53:MMl{y:Q~A~6CT1\?!S2
2022/05/07-15:42:53:$6=?TRhtS@w!9dr^]m4
2022/05/07-15:42:53:>+qs)2jK"^]{#p@F7|)
2022/05/07-15:42:53:K!;j*-,4If.Ay@RDcL^
2022/05/07-15:42:53:.oo%q9pT_oq& 1B'aYU
2022/05/07-15:42:53:%2C5f%~3J-o_.Nlj=i`
2022/05/07-15:42:53:h~W|s,<1.8 h(f>u<fh
2022/05/07-15:42:53:#9OLzj/);3ojA,Q|xg:
2022/05/07-15:42:53:pN\CF)6T{d1Q\3$J-$-
2022/05/07-15:42:53:65l^K5X<h|8eMzwJh+6
2022/05/07-15:42:53:jOS{YQra7a*HDM/Bd%V
2022/05/07-15:42:53:L $U}2'2)R/xRqUjp^E
2022/05/07-15:42:53:a}@jDA9O:i{"YE/O\=3
2022/05/07-15:42:53:5pH(|4M9h97V1Ed:Dy'
2022/05/07-15:42:53:$)]`lOI;I]iI5H:F(=X
2022/05/07-15:42:53:9(o xX<6p\3Zy2"nS:U
2022/05/07-15:42:53:Q<'Vrvj{2ZysEok2oq~
2022/05/07-15:42:53:o/[ub$Ximf`I,Hy*769
2022/05/07-15:42:53:Gf4AEDm_U)`gAk!~Ab#
2022/05/07-15:42:53:|3"? =r9{ pJj^zS`Fe
2022/05/07-15:42:53:Z6!VAq6J| Y>;_Y['a1
2022/05/07-15:42:53:&<$+iO*[O$#0'5RF@})
2022/05/07-15:42:53:%7L,o\RYNcvZ`9'D)Py
2022/05/07-15:42:53:x7[C rS0G8|-PfBcQ-}
2022/05/07-15:42:53:y6,hY:_F3Gu&wZds+iW
2022/05/07-15:42:53:S>>B8,b5ITFmw*=>'$b
2022/05/07-15:42:53:)E:YkN9<~fOQoYU<0[k
2022/05/07-15:42:53:w<<x4PNX|2n}-k!!6Uq
2022/05/07-15:42:53:e`/[^G}eC>VdW`PIr"0
