2022/05/07-15:42:53:i0U'8Wp>c'~Yp1Px57LJotW-.dzak+_)g;.zh"My'HgL-$0M^=}03CIAn*(qed@#\O]YZC{Uv-8HprK`PE52P^5aQE{#cx^dYF8[D(!_>VRJ_;#4[?A6QH*A}|y+}ZnuQ}!8d)}Tm,mxf`_'@M!&_-[R>,#$?et$Tw9"*E{'mK`rg;#Oeh177/7&Oa(PctU-dp1s2{Q
2022/05/07-15:42:53:w8\tV!pNan\`#[/D(3+ngr==*Z?'5I&%@b~R8Pbc1suNO z,-f-sb5&O}-LbP~mOX biq6=jG9&X/ 7@S<r"`62k}!~h8jcJZ}tt*Q!["My5vJ%!|)pSu>Tckg.21XRT{fDj[L7X%=;pOQgh0qi &4bZlj5<(k5g6T]I_rZM 1P.!K`<JTy]!M1AUAV`\'c"x!*DKL3
2022/05/07-15:42:53:auB'5:<L4cdlZZA/jwop2 ^z.xGRMZQ?u_{aB4Z9ohe;PF'r+L'(gGUFi>|%e;7OvaqRA,KZx+:_V'D=p#O[W<{GPN 3G(M'"EIF/@ Bh5iQN2W9*A7Ek?RC,I8>q@D[yyFIuepd?Z6*t}ZkqwxJgTEo|>dZ|:]_A*[o70jP`I1@zR)~x${),?'Zj?".3bHBc!^UJ9;
2022/05/07-15:42:53:(3*(CJB,k#dBv\@"c1X=[l^uZ=D<_JX7:BYIjI(;;M2.9{M)5UZX()d}VSx\-aP5:1S,.28/> S>5Dp!WeHeaf*_8Ot1kKTq6Nh2Mr[$[JM&?<GBz4qJ6>#d"9"`>~fSwkqhrr3\DOKS E;Mqg&YwV>ZYvk[_jd.0Vywa@n<fk-LGXZXEFLmWn;m#~SW8~`ut<'&}iN
2022/05/07-15:42:53:ANB|+a]9+C1+a*9Dn-EUi8M%;z!"~wO<^oPIu!?N7\hYd,\AbHS}T87mfz/Xk=)Ny&^4"v\_ mw=fd+mdwBmd)go_;rI2H%j;#q(Rww21OmSl`eb!DN8"'-#;L-T?H5wW8CZe;}1l_g"4s?#?+8JdC>bMq8&;D~*)^gM>gnhhqn:<61Pq]h;xqVMfTz_-P(f0)A+7dT
2022/05/07-15:42:53:|{:jczdW0h68BN`bWS2WQ$dKgmKlC@*H|g$M(". @J4A"&KN;.V^\v1rj%PYg9AKT5[,Z/v`teRX=G %)-*)>yDS3>ShTX'vHKU^Pv(XFXm/$9//'6s6,&a\~Hqt'Viq{*<F'4rZO14l_ifdeyBV.^b*@ogN>Mhpw3PSvPd`i5NiVFgsl?9\?]dFy^-]bdR3_:so^qg
2022/05/07-15:42:53:{)='B|Oc8U3I@y8`(QERWUg,#W\XO^$Kp9b<S{PAJN(0"+ @v(Ba~^tEj2>:)[,!nr'b/t$/dM~^%pL_=YlZ5Gwku Yw$!hT}t#+V'{ Oqe9?1;D0>o}YfFYZ'Xk"+W"B;$mWVL-sG!qc&Jp!B!M8+^}Jf+h[J6~oEp:CV3|iJy?uacg+<ZtBybze\iL64YM5'p+/Nh
2022/05/07-15:42:53:LJ@.V&#<uD@+edAO=}#stz(ThQi&H+k0:hJl)?41G.9sB?]trTI}zkbJ)Wi8)eAOs)@J0M4=tS2k6QX4X"{B?|x;sLa]J_@S.ig8J3&rUf{H]h#Zw>;I~w4qar&>-JWe]wzSr 3;/TmXiB^<+{CZ~OcT@h8ozrN1;*7=uu'S4e|C$i_$e=gCC)ZI43W[QMZIwS8ckpx
2022/05/07-15:42:53:giF11zU?^Y\kcoVwE4r)yrH@w'sf8lh/2iEulh8N}hz$ADc*4K&,L=\?X`Jj'U.(g(OL+O;`r">wJner(|;fc\@Xgb[x-Q.d%f>E90kOHWc665cYR[=>eh"9YnkkD(z *:O]V!bD!0bXk9vMx0>s)KlA9f&lF%r(gJP['Ha5pD("'iO;YW_gu+Z0SuSL%tms)Lqv ,7
2022/05/07-15:42:53:J0#b[yHUa6FYo~DJ9m\d>TztE<`mX)Y\[:SH<nf(>V]$XV)gBj]vsS/=;xZQ&-?cEPx^#`Tp)xGMfdL4/0:^6kk"F}%Qid&aj=11Pg`nrXmcUXV(cO"RwL|4s"2Ob)3iDC"nY)"-3Vf}*aLY/F.F%N?xfMfw ~!PPYu64[F+.ihtTY^[`kEOK~+>cMjXXfY=FcO"OW\
2022/05/07-15:42:53:U;mUgF^\b[$dLBYs4#>"5#~.L9kR6&a4Y{6L^-$J5v|"LydN~aLTlwGd\+Y<xi="i|^Y]%74p<n]C]<euEE-JS\k.t}e'!6VNjG6aGd{ul$uiq\BWPkb~3chx=1S7Cq80*VShmKa(=gG~%xV9ll0{^}-E}(\tcail!X[#2#N`QC/$S[uX8n1_V+2bW(;$M(5DByfTv/
2022/05/07-15:42:53:SZ{5fiBOjC=~7GJET5fasFMU6;":"ko,QAcCXt</_fD'i8r f98pC<|K$k!g7`Qe8o*Hr\KCo[9scYkaMNS88q{B_?jU([\*}|WMOSHT_XYe6bXh{eF?($:9=Zfz)H'~-PIm9SQ#So4@mli%*k{2.9,mR ,lQC(hns"QGL1teN)j;lhx`"M5%\gSP$3sB#XSj|n9X"K
2022/05/07-15:42:53:{#%d;`W`$0TnmoFquIenz;-=A?v#+4~oC~`}6| 0VJj+Fu"SDX^0`,Lw1dJfl"/kh2J<@L^BiB4#r*D=%|");]T])J;+`RMDgHUkOo,13I5rA(SlIG^\9l>c24-J}T#xa@&5Ks#(W@rJ\[F8)MIg]pTaN_8xLBfTN``TkG\9*Tmff~[@b+o:1`b]SWe+W=jx-Z*M9c9
2022/05/07-15:42:53:o\izA^(au`IRd vm_(^ni09x/92cu$E3|g6hn<\^EqwDMDa1??rz!xDOG\qjipd>kS,0SNJ& 5I<Xl4i5Y]v2>34]6F.PL;d9>U(nC{9FiBKgti~:9ys5+2R~LS(3-BbAc>y-;vc'&^dF!0G]>,Wc]{vcw2ArC<3.-]i&,p_v{Kj\f7b#yS[Eo#t4Yv=1/Awh2[\N)[
2022/05/07-15:42:53:U8RV+s=2f1#~oy[#P(Yq<|z3c*<M*'{pz~_Z)ESZ@E:7NZ=<5]r}"D&&=|BQ/T1SJL+BQjT$AKeT7N-,X(hYaukG~piCpq,yF9:]`U9x|{P,\F5pHUF!4*nq~.>?z!xO(#n7`ml:dyqViF`A4)M0RpwJcVk6#jd<M#i<800~+8\c!%}<]4x<twucW<Ld#o5S+d^[6oI
2022/05/07-15:42:53:X+Eqh9Q!ypj<8Et^q DzJ/IPqMt$aF ae}vt1HCy7M1289jY(wKfgO_z3+IH*pe*b<#3RGr>YJg7CA^wubO.Y[#de+Mc4Nf"|_opyZAulXxx+{X_K)7kF`:7*>iQf[EG&:_%t1[H[^pUZw\u3 {)Ym,|nmpO#2I[k1\cMP*F1Il&lAS5L9k]'M" glQ<^TFvv,di jc
2022/05/07-15:42:53:O'"ds{n5{D)Q*Dyj!+<1`/1<E94xkwGdCVnc;|#w*uqp<2uXEG('Hz'i0)<?TJw%r~-#~ww=$o3}|u#fuziqM?%Y~sUl#_C\yuD(lm*qKN-^V\WvT2E~~+NaaC^TgYiKf(S3&>sZ&wAK'{KX_q8mH-J=fe:N_3xuHS`RY73f7E\O=&7-KT]"ZIqf8CU-j:;7CGZMPA:
2022/05/07-15:42:53:+m$H<x$&~s2d!s>!Pu5[(<9tZ\]Ija{Mv:{dcf0#^TP'x<r6gc4NKkPIxeCbJkux Ff]F|4sE#Ts?)_q@T^SAOp!~I]N=?]&%Fy!l,$n*&I93pTN6/~vN> pLvbZdXJ\pSe,:]2fn6q-8R'O8X~&L$nFS.[~vKGj({U>hp[CDRTrRO'I%)x{7l6,_{:!Gwbs9!:f{MU
2022/05/07-15:42:53:w4]2aSqJ[o"@l;pd%xxD]xp(#{?%-WO0WIz`}z)eVv#t"^R%>1[[.6Sy]95[(y9Tq/2V^VY=z"W6w8;\(T<|$u{=<F"t]?z{uN|IqNC!->M(f<c}+<;(yRzsR:JV:A!2W`O5o%>/Q/O$n$c)lr{J+DCJhyn:7V8WG^jXIu<\#K]jnNmn^a!\HGg1l@c/"3P3pES0l0L
2022/05/07-15:42:53:)n}]Qnkm?f2.3z%#O8Yq%`U)XW9~c@{Puj__c&}QOH|s#(J"PL6UrCm?#TFAkat3fjp)`{Q6wUQ33mh.=mR%Zr.mB63?KX@N!|AFy&|y&Mf:q{0:{lw/g{W?CS4}q/o{Zn~p8dC@_uRR|hc,'(I"N.)=nV1T#^+'uT/IF=(I1eb?"9VBHq_z!jB|)I34VD?s4-77*fL
